  include_juce_audio_basics.cpp
  include_juce_audio_devices.cpp
  include_juce_audio_formats.cpp
  include_juce_audio_plugin_client_utils.cpp
  include_juce_audio_processors.cpp
  include_juce_audio_utils.cpp
  include_juce_core.cpp
  include_juce_data_structures.cpp
  include_juce_events.cpp
  include_juce_graphics.cpp
  include_juce_gui_basics.cpp
  include_juce_gui_extra.cpp
  PluginEditor.cpp
  PluginProcessor.cpp
c:\juce\projects\dat450\polyphonicsynth\source\PluginEditor.h(29): warning C4373: 'OtherLookAndFeel::drawRotarySlider': virtual function overrides 'juce::LookAndFeel_V4::drawRotarySlider', previous versions of the compiler did not override when parameters only differed by const/volatile qualifiers (compiling source file ..\..\Source\PluginEditor.cpp)
  c:\juce\modules\juce_gui_basics\lookandfeel/juce_LookAndFeel_V4.h(191): note: see declaration of 'juce::LookAndFeel_V4::drawRotarySlider' (compiling source file ..\..\Source\PluginEditor.cpp)
c:\juce\projects\dat450\polyphonicsynth\source\PluginEditor.h(29): warning C4100: 'slider': unreferenced formal parameter (compiling source file ..\..\Source\PluginEditor.cpp)
c:\juce\projects\dat450\polyphonicsynth\source\PluginEditor.h(29): warning C4373: 'OtherLookAndFeel::drawRotarySlider': virtual function overrides 'juce::LookAndFeel_V4::drawRotarySlider', previous versions of the compiler did not override when parameters only differed by const/volatile qualifiers (compiling source file ..\..\Source\PluginProcessor.cpp)
  c:\juce\modules\juce_gui_basics\lookandfeel/juce_LookAndFeel_V4.h(191): note: see declaration of 'juce::LookAndFeel_V4::drawRotarySlider' (compiling source file ..\..\Source\PluginProcessor.cpp)
c:\juce\projects\dat450\polyphonicsynth\source\PluginEditor.h(29): warning C4100: 'slider': unreferenced formal parameter (compiling source file ..\..\Source\PluginProcessor.cpp)
  PolyphonicSynth_SharedCode.vcxproj -> C:\JUCE\Projects\DAT450\PolyphonicSynth\Builds\VisualStudio2015\x64\Debug\Shared Code\PolyphonicSynth.lib
